<?xml version="1.0" encoding="UTF-8"?>
<!-- Generated by org.testng.reporters.JUnitXMLReporter -->
<testsuite hostname="DIN13002734" ignored="1" name="Default test" tests="1" failures="0" timestamp="01 Jun 2019 14:42:48 GMT" time="22.153" errors="0">
  <testcase name="verifyAddPersonDataTest" time="10.756" classname="com.capsuleCRM.testcases.PersonAndCasePageTest"/>
  <testcase name="verifyAddCaseDataTest" time="0.0" classname="com.capsuleCRM.testcases.PersonAndCasePageTest">
    <ignored/>
  </testcase> <!-- verifyAddCaseDataTest -->
</testsuite> <!-- Default test -->
